Build started 1/12/2015 10:07:57 PM.
     1>Project "C:\Users\Thomas\Documents\C++ Files\Data Structures\BestOfTheYearVoting\BestOfTheYearVoting\BestOfTheYearVoting.vcxproj" on node 2 (build target(s)).
     1>InitializeBuildStatus:
         Creating "Debug\BestOfTheYearVoting.unsuccessfulbuild" because "AlwaysCreate" was specified.
       ClCompile:
         c:\Program Files (x86)\Microsoft Visual Studio 10.0\VC\bin\CL.exe /c /ZI /nologo /W3 /WX- /Od /Oy- /D WIN32 /D _DEBUG /D _CONSOLE /D _UNICODE /D UNICODE /Gm /EHsc /RTC1 /MDd /GS /fp:precise /Zc:wchar_t /Zc:forScope /Fo"Debug\\" /Fd"Debug\vc100.pdb" /Gd /TP /analyze- /errorReport:prompt Item.cpp main.cpp
         main.cpp
         Item.cpp
         Generating Code...
       Link:
         c:\Program Files (x86)\Microsoft Visual Studio 10.0\VC\bin\link.exe /ERRORREPORT:PROMPT /OUT:"C:\Users\Thomas\Documents\C++ Files\Data Structures\BestOfTheYearVoting\Debug\BestOfTheYearVoting.exe" /INCREMENTAL:NO /NOLOGO kernel32.lib user32.lib gdi32.lib winspool.lib comdlg32.lib advapi32.lib shell32.lib ole32.lib oleaut32.lib uuid.lib odbc32.lib odbccp32.lib /MANIFEST /ManifestFile:"Debug\BestOfTheYearVoting.exe.intermediate.manifest" /MANIFESTUAC:"level='asInvoker' uiAccess='false'" /DEBUG /PDB:"C:\Users\Thomas\Documents\C++ Files\Data Structures\BestOfTheYearVoting\Debug\BestOfTheYearVoting.pdb" /SUBSYSTEM:CONSOLE /TLBID:1 /DYNAMICBASE /NXCOMPAT /IMPLIB:"C:\Users\Thomas\Documents\C++ Files\Data Structures\BestOfTheYearVoting\Debug\BestOfTheYearVoting.lib" /MACHINE:X86 Debug\Item.obj
         Debug\main.obj
     1>Item.obj : warning LNK4075: ignoring '/EDITANDCONTINUE' due to '/INCREMENTAL:NO' specification
         BestOfTheYearVoting.vcxproj -> C:\Users\Thomas\Documents\C++ Files\Data Structures\BestOfTheYearVoting\Debug\BestOfTheYearVoting.exe
       Manifest:
         c:\Program Files (x86)\Microsoft SDKs\Windows\v7.0A\bin\mt.exe /nologo /verbose /outputresource:"C:\Users\Thomas\Documents\C++ Files\Data Structures\BestOfTheYearVoting\Debug\BestOfTheYearVoting.exe;#1" /manifest Debug\BestOfTheYearVoting.exe.intermediate.manifest
       FinalizeBuildStatus:
         Deleting file "Debug\BestOfTheYearVoting.unsuccessfulbuild".
         Touching "Debug\BestOfTheYearVoting.lastbuildstate".
     1>Done Building Project "C:\Users\Thomas\Documents\C++ Files\Data Structures\BestOfTheYearVoting\BestOfTheYearVoting\BestOfTheYearVoting.vcxproj" (build target(s)).

Build succeeded.

Time Elapsed 00:00:05.65
